<?xml version="1.0" encoding="UTF-8"?>
<testng-results ignored="0" total="1" passed="1" failed="0" skipped="0">
  <reporter-output>
  </reporter-output>
  <suite started-at="2024-01-23T18:24:08 IST" name="Default suite" finished-at="2024-01-23T18:24:21 IST" duration-ms="13050">
    <groups>
    </groups>
    <test started-at="2024-01-23T18:24:08 IST" name="Default test" finished-at="2024-01-23T18:24:21 IST" duration-ms="13050">
      <class name="Basic.AmazonTest">
        <test-method signature="amazonTest()[pri:0, instance:Basic.AmazonTest@a530d0a]" started-at="2024-01-23T18:24:08 IST" name="amazonTest" finished-at="2024-01-23T18:24:21 IST" duration-ms="13012" status="PASS">
          <reporter-output>
          </reporter-output>
        </test-method> <!-- amazonTest -->
      </class> <!-- Basic.AmazonTest -->
    </test> <!-- Default test -->
  </suite> <!-- Default suite -->
</testng-results>
